[INFO  - 2017-10-26T09:34:33.186Z] GhostDriver - Main - running on port 58869
[INFO  - 2017-10-26T09:34:34.042Z] Session [e02de470-ba30-11e7-b8b3-c73b2ef03060] - page.settings - {"XSSAuditingEnabled":false,"javascriptCanCloseWindows":true,"javascriptCanOpenWindows":true,"javascriptEnabled":true,"loadImages":true,"localToRemoteUrlAccessEnabled":false,"userAgent":"Mozilla/5.0 (Unknown; Linux x86_64) AppleWebKit/538.1 (KHTML, like Gecko) PhantomJS/2.1.1 Safari/538.1","webSecurityEnabled":true}
[INFO  - 2017-10-26T09:34:34.042Z] Session [e02de470-ba30-11e7-b8b3-c73b2ef03060] - page.customHeaders:  - {}
[INFO  - 2017-10-26T09:34:34.042Z] Session [e02de470-ba30-11e7-b8b3-c73b2ef03060] - Session.negotiatedCapabilities - {"browserName":"phantomjs","version":"2.1.1","driverName":"ghostdriver","driverVersion":"1.2.0","platform":"linux-unknown-64bit","javascriptEnabled":true,"takesScreenshot":true,"handlesAlerts":false,"databaseEnabled":false,"locationContextEnabled":false,"applicationCacheEnabled":false,"browserConnectionEnabled":false,"cssSelectorsEnabled":true,"webStorageEnabled":false,"rotatable":false,"acceptSslCerts":false,"nativeEvents":true,"proxy":{"proxyType":"direct"}}
[INFO  - 2017-10-26T09:34:34.042Z] SessionManagerReqHand - _postNewSessionCommand - New Session Created: e02de470-ba30-11e7-b8b3-c73b2ef03060
[INFO  - 2017-10-26T09:39:33.185Z] SessionManagerReqHand - _cleanupWindowlessSessions - Asynchronous Sessions clean-up phase starting NOW
[ERROR - 2017-10-26T09:40:49.310Z] Session [e02de470-ba30-11e7-b8b3-c73b2ef03060] - page.onError - msg: Window Error:  [object Arguments]

  phantomjs://platform/console++.js:263 in error
[ERROR - 2017-10-26T09:40:49.310Z] Session [e02de470-ba30-11e7-b8b3-c73b2ef03060] - page.onError - stack:
  onerror (https://js.etimg.com/js_common/v-482,minify-1.cms:1)

  phantomjs://platform/console++.js:263 in error
[ERROR - 2017-10-26T09:40:49.311Z] Session [e02de470-ba30-11e7-b8b3-c73b2ef03060] - page.onError - msg: TypeError: undefined is not a function (evaluating 'Symbol.for("preactattr")')

  phantomjs://platform/console++.js:263 in error
[ERROR - 2017-10-26T09:40:49.311Z] Session [e02de470-ba30-11e7-b8b3-c73b2ef03060] - page.onError - stack:
  (anonymous function) (https://image.timespoints.iimg.in/tpwidgets/static/dist/js/tpwidget.js?v=202:1)
  (anonymous function) (https://image.timespoints.iimg.in/tpwidgets/static/dist/js/tpwidget.js?v=202:1)
  (anonymous function) (https://image.timespoints.iimg.in/tpwidgets/static/dist/js/tpwidget.js?v=202:1)
  e (https://image.timespoints.iimg.in/tpwidgets/static/dist/js/tpwidget.js?v=202:1)
  (anonymous function) (https://image.timespoints.iimg.in/tpwidgets/static/dist/js/tpwidget.js?v=202:2)
  e (https://image.timespoints.iimg.in/tpwidgets/static/dist/js/tpwidget.js?v=202:1)
  (anonymous function) (https://image.timespoints.iimg.in/tpwidgets/static/dist/js/tpwidget.js?v=202:1)
  e (https://image.timespoints.iimg.in/tpwidgets/static/dist/js/tpwidget.js?v=202:1)
  (anonymous function) (https://image.timespoints.iimg.in/tpwidgets/static/dist/js/tpwidget.js?v=202:1)

  phantomjs://platform/console++.js:263 in error
[INFO  - 2017-10-26T09:44:33.185Z] SessionManagerReqHand - _cleanupWindowlessSessions - Asynchronous Sessions clean-up phase starting NOW
[INFO  - 2017-10-26T09:49:33.185Z] SessionManagerReqHand - _cleanupWindowlessSessions - Asynchronous Sessions clean-up phase starting NOW
[INFO  - 2017-10-26T09:54:33.185Z] SessionManagerReqHand - _cleanupWindowlessSessions - Asynchronous Sessions clean-up phase starting NOW
[INFO  - 2017-10-26T09:59:33.185Z] SessionManagerReqHand - _cleanupWindowlessSessions - Asynchronous Sessions clean-up phase starting NOW
[INFO  - 2017-10-26T10:04:33.185Z] SessionManagerReqHand - _cleanupWindowlessSessions - Asynchronous Sessions clean-up phase starting NOW
[INFO  - 2017-10-26T10:09:33.185Z] SessionManagerReqHand - _cleanupWindowlessSessions - Asynchronous Sessions clean-up phase starting NOW
[ERROR - 2017-10-26T10:10:56.850Z] Session [e02de470-ba30-11e7-b8b3-c73b2ef03060] - page.onError - msg: Window Error:  [object Arguments]

  phantomjs://platform/console++.js:263 in error
[ERROR - 2017-10-26T10:10:56.851Z] Session [e02de470-ba30-11e7-b8b3-c73b2ef03060] - page.onError - stack:
  onerror (https://js.etimg.com/js_common/v-482,minify-1.cms:1)

  phantomjs://platform/console++.js:263 in error
[ERROR - 2017-10-26T10:10:56.851Z] Session [e02de470-ba30-11e7-b8b3-c73b2ef03060] - page.onError - msg: TypeError: null is not an object (evaluating 'doc.getElementById("banner-page").style')

  phantomjs://platform/console++.js:263 in error
[ERROR - 2017-10-26T10:10:56.851Z] Session [e02de470-ba30-11e7-b8b3-c73b2ef03060] - page.onError - stack:
  onload (https://economictimes.indiatimes.com/tata-steel-ltd/stocks/companyid-12902.cms:184)

  phantomjs://platform/console++.js:263 in error
[ERROR - 2017-10-26T10:13:58.362Z] Session [e02de470-ba30-11e7-b8b3-c73b2ef03060] - page.onError - msg: Window Error:  [object Arguments]

  phantomjs://platform/console++.js:263 in error
[ERROR - 2017-10-26T10:13:58.362Z] Session [e02de470-ba30-11e7-b8b3-c73b2ef03060] - page.onError - stack:
  onerror (https://js.etimg.com/js_common/v-482,minify-1.cms:1)

  phantomjs://platform/console++.js:263 in error
[ERROR - 2017-10-26T10:13:58.363Z] Session [e02de470-ba30-11e7-b8b3-c73b2ef03060] - page.onError - msg: TypeError: null is not an object (evaluating 'doc.getElementById("banner-page").style')

  phantomjs://platform/console++.js:263 in error
[ERROR - 2017-10-26T10:13:58.363Z] Session [e02de470-ba30-11e7-b8b3-c73b2ef03060] - page.onError - stack:
  onload (https://economictimes.indiatimes.com/tata-steel-ltd/stocks/companyid-12902.cms:184)

  phantomjs://platform/console++.js:263 in error
[INFO  - 2017-10-26T10:14:33.185Z] SessionManagerReqHand - _cleanupWindowlessSessions - Asynchronous Sessions clean-up phase starting NOW
[INFO  - 2017-10-26T10:19:33.185Z] SessionManagerReqHand - _cleanupWindowlessSessions - Asynchronous Sessions clean-up phase starting NOW
[INFO  - 2017-10-26T10:24:33.185Z] SessionManagerReqHand - _cleanupWindowlessSessions - Asynchronous Sessions clean-up phase starting NOW
[ERROR - 2017-10-26T10:25:59.962Z] Session [e02de470-ba30-11e7-b8b3-c73b2ef03060] - page.onError - msg: Window Error:  [object Arguments]

  phantomjs://platform/console++.js:263 in error
[ERROR - 2017-10-26T10:25:59.962Z] Session [e02de470-ba30-11e7-b8b3-c73b2ef03060] - page.onError - stack:
  onerror (https://js.etimg.com/js_common/v-482,minify-1.cms:1)

  phantomjs://platform/console++.js:263 in error
[ERROR - 2017-10-26T10:25:59.962Z] Session [e02de470-ba30-11e7-b8b3-c73b2ef03060] - page.onError - msg: TypeError: null is not an object (evaluating 'doc.getElementById("banner-page").style')

  phantomjs://platform/console++.js:263 in error
[ERROR - 2017-10-26T10:25:59.962Z] Session [e02de470-ba30-11e7-b8b3-c73b2ef03060] - page.onError - stack:
  onload (https://economictimes.indiatimes.com/tata-steel-ltd/stocks/companyid-12902.cms:189)

  phantomjs://platform/console++.js:263 in error
[INFO  - 2017-10-26T10:29:33.185Z] SessionManagerReqHand - _cleanupWindowlessSessions - Asynchronous Sessions clean-up phase starting NOW
[INFO  - 2017-10-26T10:34:33.185Z] SessionManagerReqHand - _cleanupWindowlessSessions - Asynchronous Sessions clean-up phase starting NOW
[INFO  - 2017-10-26T10:39:33.185Z] SessionManagerReqHand - _cleanupWindowlessSessions - Asynchronous Sessions clean-up phase starting NOW
[INFO  - 2017-10-26T10:44:33.185Z] SessionManagerReqHand - _cleanupWindowlessSessions - Asynchronous Sessions clean-up phase starting NOW
[INFO  - 2017-10-26T10:49:33.185Z] SessionManagerReqHand - _cleanupWindowlessSessions - Asynchronous Sessions clean-up phase starting NOW
[INFO  - 2017-10-26T10:54:33.185Z] SessionManagerReqHand - _cleanupWindowlessSessions - Asynchronous Sessions clean-up phase starting NOW
[INFO  - 2017-10-26T10:59:33.185Z] SessionManagerReqHand - _cleanupWindowlessSessions - Asynchronous Sessions clean-up phase starting NOW
[INFO  - 2017-10-26T11:04:33.185Z] SessionManagerReqHand - _cleanupWindowlessSessions - Asynchronous Sessions clean-up phase starting NOW
[INFO  - 2017-10-26T11:09:33.185Z] SessionManagerReqHand - _cleanupWindowlessSessions - Asynchronous Sessions clean-up phase starting NOW
[INFO  - 2017-10-26T11:14:33.185Z] SessionManagerReqHand - _cleanupWindowlessSessions - Asynchronous Sessions clean-up phase starting NOW
